0 info it worked if it ends with ok
1 verbose cli [ 'node', '/usr/local/bin/npm', 'install', 'clean' ]
2 info using npm@1.1.65
3 info using node@v0.8.14
4 verbose read json /Users/ouvasam/Dropbox/ouvanous/projets/actifs/semantic-sanco/sanco-ld/n4store/package.json
5 warn package.json n4store@0.0.1 No README.md file found!
6 verbose read json /Users/ouvasam/Dropbox/ouvanous/projets/actifs/semantic-sanco/sanco-ld/n4store/node_modules/async/package.json
7 verbose read json /Users/ouvasam/Dropbox/ouvanous/projets/actifs/semantic-sanco/sanco-ld/n4store/node_modules/coffee-script/package.json
8 verbose read json /Users/ouvasam/Dropbox/ouvanous/projets/actifs/semantic-sanco/sanco-ld/n4store/node_modules/request/package.json
9 verbose from cache /Users/ouvasam/Dropbox/ouvanous/projets/actifs/semantic-sanco/sanco-ld/n4store/package.json
10 verbose readDependencies using package.json deps
11 verbose cache add [ 'clean', null ]
12 silly cache add name=undefined spec="clean" args=["clean",null]
13 verbose parsed url { pathname: 'clean', path: 'clean', href: 'clean' }
14 silly lockFile 6a1cec45-clean clean
15 verbose lock clean /Users/ouvasam/.npm/6a1cec45-clean.lock
16 silly lockFile 6a1cec45-clean clean
17 verbose addNamed [ 'clean', '' ]
18 verbose addNamed [ null, '' ]
19 silly lockFile bf688d01-clean clean@
20 verbose lock clean@ /Users/ouvasam/.npm/bf688d01-clean.lock
21 silly addNameRange { name: 'clean', range: '', hasData: false }
22 verbose url raw clean
23 verbose url resolving [ 'https://registry.npmjs.org/', './clean' ]
24 verbose url resolved https://registry.npmjs.org/clean
25 info trying registry request attempt 1 at 18:27:49
26 http GET https://registry.npmjs.org/clean
27 http 404 https://registry.npmjs.org/clean
28 silly registry.get cb [ 404,
28 silly registry.get   { server: 'CouchDB/1.2.0 (Erlang OTP/R15B)',
28 silly registry.get     date: 'Wed, 21 Nov 2012 17:27:20 GMT',
28 silly registry.get     'content-type': 'application/json',
28 silly registry.get     'content-length': '52',
28 silly registry.get     'cache-control': 'must-revalidate' } ]
29 silly lockFile bf688d01-clean clean@
30 error 404 'clean' is not in the npm registry.
30 error 404 You should bug the author to publish it
30 error 404
30 error 404 Note that you can also install from a
30 error 404 tarball, folder, or http url, or git url.
31 error System Darwin 12.2.0
32 error command "node" "/usr/local/bin/npm" "install" "clean"
33 error cwd /Users/ouvasam/Dropbox/ouvanous/projets/actifs/semantic-sanco/sanco-ld/n4store
34 error node -v v0.8.14
35 error npm -v 1.1.65
36 error code E404
37 verbose exit [ 1, true ]
